begin notify
begin notify
begin notify
<xml><appid><![CDATA[wx637b96dc78f9a340]]></appid>
<attach><![CDATA[ext]]></attach>
<bank_type><![CDATA[CFT]]></bank_type>
<cash_fee><![CDATA[1]]></cash_fee>
<fee_type><![CDATA[CNY]]></fee_type>
<is_subscribe><![CDATA[N]]></is_subscribe>
<mch_id><![CDATA[1298695801]]></mch_id>
<nonce_str><![CDATA[shpefkz8pze4l7k4zdm1n58ug57emuw5]]></nonce_str>
<openid><![CDATA[ooi0_wc-AaVF_Kwy2q7aW8GelbDk]]></openid>
<out_trade_no><![CDATA[14115805a8defd0f1450682235]]></out_trade_no>
<result_code><![CDATA[SUCCESS]]></result_code>
<return_code><![CDATA[SUCCESS]]></return_code>
<sign><![CDATA[83FF81B3B066E0D7591F5E3FFF576F21]]></sign>
<time_end><![CDATA[20151221151725]]></time_end>
<total_fee>1</total_fee>
<trade_type><![CDATA[APP]]></trade_type>
<transaction_id><![CDATA[1001910892201512212220104171]]></transaction_id>
</xml>
begin notify
<xml><appid><![CDATA[wx637b96dc78f9a340]]></appid>
<attach><![CDATA[ext]]></attach>
<bank_type><![CDATA[CFT]]></bank_type>
<cash_fee><![CDATA[1]]></cash_fee>
<fee_type><![CDATA[CNY]]></fee_type>
<is_subscribe><![CDATA[N]]></is_subscribe>
<mch_id><![CDATA[1298695801]]></mch_id>
<nonce_str><![CDATA[shpefkz8pze4l7k4zdm1n58ug57emuw5]]></nonce_str>
<openid><![CDATA[ooi0_wc-AaVF_Kwy2q7aW8GelbDk]]></openid>
<out_trade_no><![CDATA[14115805a8defd0f1450682235]]></out_trade_no>
<result_code><![CDATA[SUCCESS]]></result_code>
<return_code><![CDATA[SUCCESS]]></return_code>
<sign><![CDATA[83FF81B3B066E0D7591F5E3FFF576F21]]></sign>
<time_end><![CDATA[20151221151725]]></time_end>
<total_fee>1</total_fee>
<trade_type><![CDATA[APP]]></trade_type>
<transaction_id><![CDATA[1001910892201512212220104171]]></transaction_id>
</xml>
begin notify
<xml><appid><![CDATA[wx637b96dc78f9a340]]></appid>
<attach><![CDATA[ext]]></attach>
<bank_type><![CDATA[CFT]]></bank_type>
<cash_fee><![CDATA[1]]></cash_fee>
<fee_type><![CDATA[CNY]]></fee_type>
<is_subscribe><![CDATA[N]]></is_subscribe>
<mch_id><![CDATA[1298695801]]></mch_id>
<nonce_str><![CDATA[shpefkz8pze4l7k4zdm1n58ug57emuw5]]></nonce_str>
<openid><![CDATA[ooi0_wc-AaVF_Kwy2q7aW8GelbDk]]></openid>
<out_trade_no><![CDATA[14115805a8defd0f1450682235]]></out_trade_no>
<result_code><![CDATA[SUCCESS]]></result_code>
<return_code><![CDATA[SUCCESS]]></return_code>
<sign><![CDATA[83FF81B3B066E0D7591F5E3FFF576F21]]></sign>
<time_end><![CDATA[20151221151725]]></time_end>
<total_fee>1</total_fee>
<trade_type><![CDATA[APP]]></trade_type>
<transaction_id><![CDATA[1001910892201512212220104171]]></transaction_id>
</xml>
begin notify
<xml><appid><![CDATA[wx637b96dc78f9a340]]></appid>
<attach><![CDATA[ext]]></attach>
<bank_type><![CDATA[CFT]]></bank_type>
<cash_fee><![CDATA[1]]></cash_fee>
<fee_type><![CDATA[CNY]]></fee_type>
<is_subscribe><![CDATA[N]]></is_subscribe>
<mch_id><![CDATA[1298695801]]></mch_id>
<nonce_str><![CDATA[shpefkz8pze4l7k4zdm1n58ug57emuw5]]></nonce_str>
<openid><![CDATA[ooi0_wc-AaVF_Kwy2q7aW8GelbDk]]></openid>
<out_trade_no><![CDATA[14115805a8defd0f1450682235]]></out_trade_no>
<result_code><![CDATA[SUCCESS]]></result_code>
<return_code><![CDATA[SUCCESS]]></return_code>
<sign><![CDATA[83FF81B3B066E0D7591F5E3FFF576F21]]></sign>
<time_end><![CDATA[20151221151725]]></time_end>
<total_fee>1</total_fee>
<trade_type><![CDATA[APP]]></trade_type>
<transaction_id><![CDATA[1001910892201512212220104171]]></transaction_id>
</xml>
begin notify
<xml><appid><![CDATA[wx637b96dc78f9a340]]></appid>
<attach><![CDATA[ext]]></attach>
<bank_type><![CDATA[CFT]]></bank_type>
<cash_fee><![CDATA[1]]></cash_fee>
<fee_type><![CDATA[CNY]]></fee_type>
<is_subscribe><![CDATA[N]]></is_subscribe>
<mch_id><![CDATA[1298695801]]></mch_id>
<nonce_str><![CDATA[shpefkz8pze4l7k4zdm1n58ug57emuw5]]></nonce_str>
<openid><![CDATA[ooi0_wc-AaVF_Kwy2q7aW8GelbDk]]></openid>
<out_trade_no><![CDATA[14115805a8defd0f1450682235]]></out_trade_no>
<result_code><![CDATA[SUCCESS]]></result_code>
<return_code><![CDATA[SUCCESS]]></return_code>
<sign><![CDATA[83FF81B3B066E0D7591F5E3FFF576F21]]></sign>
<time_end><![CDATA[20151221151725]]></time_end>
<total_fee>1</total_fee>
<trade_type><![CDATA[APP]]></trade_type>
<transaction_id><![CDATA[1001910892201512212220104171]]></transaction_id>
</xml>
begin notify
<xml><appid><![CDATA[wx637b96dc78f9a340]]></appid>
<attach><![CDATA[ext]]></attach>
<bank_type><![CDATA[CFT]]></bank_type>
<cash_fee><![CDATA[1]]></cash_fee>
<fee_type><![CDATA[CNY]]></fee_type>
<is_subscribe><![CDATA[N]]></is_subscribe>
<mch_id><![CDATA[1298695801]]></mch_id>
<nonce_str><![CDATA[shpefkz8pze4l7k4zdm1n58ug57emuw5]]></nonce_str>
<openid><![CDATA[ooi0_wc-AaVF_Kwy2q7aW8GelbDk]]></openid>
<out_trade_no><![CDATA[14115805a8defd0f1450682235]]></out_trade_no>
<result_code><![CDATA[SUCCESS]]></result_code>
<return_code><![CDATA[SUCCESS]]></return_code>
<sign><![CDATA[83FF81B3B066E0D7591F5E3FFF576F21]]></sign>
<time_end><![CDATA[20151221151725]]></time_end>
<total_fee>1</total_fee>
<trade_type><![CDATA[APP]]></trade_type>
<transaction_id><![CDATA[1001910892201512212220104171]]></transaction_id>
</xml>
begin notify
<xml><appid><![CDATA[wx637b96dc78f9a340]]></appid>
<attach><![CDATA[ext]]></attach>
<bank_type><![CDATA[CFT]]></bank_type>
<cash_fee><![CDATA[1]]></cash_fee>
<fee_type><![CDATA[CNY]]></fee_type>
<is_subscribe><![CDATA[N]]></is_subscribe>
<mch_id><![CDATA[1298695801]]></mch_id>
<nonce_str><![CDATA[shpefkz8pze4l7k4zdm1n58ug57emuw5]]></nonce_str>
<openid><![CDATA[ooi0_wc-AaVF_Kwy2q7aW8GelbDk]]></openid>
<out_trade_no><![CDATA[14115805a8defd0f1450682235]]></out_trade_no>
<result_code><![CDATA[SUCCESS]]></result_code>
<return_code><![CDATA[SUCCESS]]></return_code>
<sign><![CDATA[83FF81B3B066E0D7591F5E3FFF576F21]]></sign>
<time_end><![CDATA[20151221151725]]></time_end>
<total_fee>1</total_fee>
<trade_type><![CDATA[APP]]></trade_type>
<transaction_id><![CDATA[1001910892201512212220104171]]></transaction_id>
</xml>
begin notify
<xml><appid><![CDATA[wx637b96dc78f9a340]]></appid>
<attach><![CDATA[ext]]></attach>
<bank_type><![CDATA[CFT]]></bank_type>
<cash_fee><![CDATA[1]]></cash_fee>
<fee_type><![CDATA[CNY]]></fee_type>
<is_subscribe><![CDATA[N]]></is_subscribe>
<mch_id><![CDATA[1298695801]]></mch_id>
<nonce_str><![CDATA[shpefkz8pze4l7k4zdm1n58ug57emuw5]]></nonce_str>
<openid><![CDATA[ooi0_wc-AaVF_Kwy2q7aW8GelbDk]]></openid>
<out_trade_no><![CDATA[14115805a8defd0f1450682235]]></out_trade_no>
<result_code><![CDATA[SUCCESS]]></result_code>
<return_code><![CDATA[SUCCESS]]></return_code>
<sign><![CDATA[83FF81B3B066E0D7591F5E3FFF576F21]]></sign>
<time_end><![CDATA[20151221151725]]></time_end>
<total_fee>1</total_fee>
<trade_type><![CDATA[APP]]></trade_type>
<transaction_id><![CDATA[1001910892201512212220104171]]></transaction_id>
</xml>
begin notify
<xml><appid><![CDATA[wx637b96dc78f9a340]]></appid>
<attach><![CDATA[ext]]></attach>
<bank_type><![CDATA[CFT]]></bank_type>
<cash_fee><![CDATA[1]]></cash_fee>
<fee_type><![CDATA[CNY]]></fee_type>
<is_subscribe><![CDATA[N]]></is_subscribe>
<mch_id><![CDATA[1298695801]]></mch_id>
<nonce_str><![CDATA[shpefkz8pze4l7k4zdm1n58ug57emuw5]]></nonce_str>
<openid><![CDATA[ooi0_wc-AaVF_Kwy2q7aW8GelbDk]]></openid>
<out_trade_no><![CDATA[14115805a8defd0f1450682235]]></out_trade_no>
<result_code><![CDATA[SUCCESS]]></result_code>
<return_code><![CDATA[SUCCESS]]></return_code>
<sign><![CDATA[83FF81B3B066E0D7591F5E3FFF576F21]]></sign>
<time_end><![CDATA[20151221151725]]></time_end>
<total_fee>1</total_fee>
<trade_type><![CDATA[APP]]></trade_type>
<transaction_id><![CDATA[1001910892201512212220104171]]></transaction_id>
</xml>
begin notify
<xml><appid><![CDATA[wx637b96dc78f9a340]]></appid>
<attach><![CDATA[ext]]></attach>
<bank_type><![CDATA[CFT]]></bank_type>
<cash_fee><![CDATA[1]]></cash_fee>
<fee_type><![CDATA[CNY]]></fee_type>
<is_subscribe><![CDATA[N]]></is_subscribe>
<mch_id><![CDATA[1298695801]]></mch_id>
<nonce_str><![CDATA[shpefkz8pze4l7k4zdm1n58ug57emuw5]]></nonce_str>
<openid><![CDATA[ooi0_wc-AaVF_Kwy2q7aW8GelbDk]]></openid>
<out_trade_no><![CDATA[14115805a8defd0f1450682235]]></out_trade_no>
<result_code><![CDATA[SUCCESS]]></result_code>
<return_code><![CDATA[SUCCESS]]></return_code>
<sign><![CDATA[83FF81B3B066E0D7591F5E3FFF576F21]]></sign>
<time_end><![CDATA[20151221151725]]></time_end>
<total_fee>1</total_fee>
<trade_type><![CDATA[APP]]></trade_type>
<transaction_id><![CDATA[1001910892201512212220104171]]></transaction_id>
</xml>
begin notify
<xml><appid><![CDATA[wx637b96dc78f9a340]]></appid>
<attach><![CDATA[ext]]></attach>
<bank_type><![CDATA[CFT]]></bank_type>
<cash_fee><![CDATA[1]]></cash_fee>
<fee_type><![CDATA[CNY]]></fee_type>
<is_subscribe><![CDATA[N]]></is_subscribe>
<mch_id><![CDATA[1298695801]]></mch_id>
<nonce_str><![CDATA[shpefkz8pze4l7k4zdm1n58ug57emuw5]]></nonce_str>
<openid><![CDATA[ooi0_wc-AaVF_Kwy2q7aW8GelbDk]]></openid>
<out_trade_no><![CDATA[14115805a8defd0f1450682235]]></out_trade_no>
<result_code><![CDATA[SUCCESS]]></result_code>
<return_code><![CDATA[SUCCESS]]></return_code>
<sign><![CDATA[83FF81B3B066E0D7591F5E3FFF576F21]]></sign>
<time_end><![CDATA[20151221151725]]></time_end>
<total_fee>1</total_fee>
<trade_type><![CDATA[APP]]></trade_type>
<transaction_id><![CDATA[1001910892201512212220104171]]></transaction_id>
</xml>
begin notify
<xml><appid><![CDATA[wx637b96dc78f9a340]]></appid>
<attach><![CDATA[ext]]></attach>
<bank_type><![CDATA[CFT]]></bank_type>
<cash_fee><![CDATA[1]]></cash_fee>
<fee_type><![CDATA[CNY]]></fee_type>
<is_subscribe><![CDATA[N]]></is_subscribe>
<mch_id><![CDATA[1298695801]]></mch_id>
<nonce_str><![CDATA[shpefkz8pze4l7k4zdm1n58ug57emuw5]]></nonce_str>
<openid><![CDATA[ooi0_wc-AaVF_Kwy2q7aW8GelbDk]]></openid>
<out_trade_no><![CDATA[14115805a8defd0f1450682235]]></out_trade_no>
<result_code><![CDATA[SUCCESS]]></result_code>
<return_code><![CDATA[SUCCESS]]></return_code>
<sign><![CDATA[83FF81B3B066E0D7591F5E3FFF576F21]]></sign>
<time_end><![CDATA[20151221151725]]></time_end>
<total_fee>1</total_fee>
<trade_type><![CDATA[APP]]></trade_type>
<transaction_id><![CDATA[1001910892201512212220104171]]></transaction_id>
</xml>
begin notify
<xml><appid><![CDATA[wx637b96dc78f9a340]]></appid>
<attach><![CDATA[ext]]></attach>
<bank_type><![CDATA[CFT]]></bank_type>
<cash_fee><![CDATA[1]]></cash_fee>
<fee_type><![CDATA[CNY]]></fee_type>
<is_subscribe><![CDATA[N]]></is_subscribe>
<mch_id><![CDATA[1298695801]]></mch_id>
<nonce_str><![CDATA[shpefkz8pze4l7k4zdm1n58ug57emuw5]]></nonce_str>
<openid><![CDATA[ooi0_wc-AaVF_Kwy2q7aW8GelbDk]]></openid>
<out_trade_no><![CDATA[14115805a8defd0f1450682235]]></out_trade_no>
<result_code><![CDATA[SUCCESS]]></result_code>
<return_code><![CDATA[SUCCESS]]></return_code>
<sign><![CDATA[83FF81B3B066E0D7591F5E3FFF576F21]]></sign>
<time_end><![CDATA[20151221151725]]></time_end>
<total_fee>1</total_fee>
<trade_type><![CDATA[APP]]></trade_type>
<transaction_id><![CDATA[1001910892201512212220104171]]></transaction_id>
</xml>
query:{"appid":"wx637b96dc78f9a340","attach":"ext","bank_type":"CFT","cash_fee":"1","fee_type":"CNY","is_subscribe":"N","mch_id":"1298695801","nonce_str":"5WDaZMjt3PXSViVE","openid":"ooi0_wc-AaVF_Kwy2q7aW8GelbDk","out_trade_no":"14115805a8defd0f1450682235","result_code":"SUCCESS","return_code":"SUCCESS","return_msg":"OK","sign":"F89AB116162E45E3E3C7A75B96D5DD6A","time_end":"20151221151725","total_fee":"1","trade_state":"SUCCESS","trade_type":"APP","transaction_id":"1001910892201512212220104171"}
begin notify
<xml><appid><![CDATA[wx637b96dc78f9a340]]></appid>
<attach><![CDATA[ext]]></attach>
<bank_type><![CDATA[CFT]]></bank_type>
<cash_fee><![CDATA[1]]></cash_fee>
<fee_type><![CDATA[CNY]]></fee_type>
<is_subscribe><![CDATA[N]]></is_subscribe>
<mch_id><![CDATA[1298695801]]></mch_id>
<nonce_str><![CDATA[shpefkz8pze4l7k4zdm1n58ug57emuw5]]></nonce_str>
<openid><![CDATA[ooi0_wc-AaVF_Kwy2q7aW8GelbDk]]></openid>
<out_trade_no><![CDATA[14115805a8defd0f1450682235]]></out_trade_no>
<result_code><![CDATA[SUCCESS]]></result_code>
<return_code><![CDATA[SUCCESS]]></return_code>
<sign><![CDATA[83FF81B3B066E0D7591F5E3FFF576F21]]></sign>
<time_end><![CDATA[20151221151725]]></time_end>
<total_fee>1</total_fee>
<trade_type><![CDATA[APP]]></trade_type>
<transaction_id><![CDATA[1001910892201512212220104171]]></transaction_id>
</xml>
query:{"appid":"wx637b96dc78f9a340","attach":"ext","bank_type":"CFT","cash_fee":"1","fee_type":"CNY","is_subscribe":"N","mch_id":"1298695801","nonce_str":"IdUEAHQfronen0ZS","openid":"ooi0_wc-AaVF_Kwy2q7aW8GelbDk","out_trade_no":"14115805a8defd0f1450682235","result_code":"SUCCESS","return_code":"SUCCESS","return_msg":"OK","sign":"2D126347FCDABD446F7972E72DA04635","time_end":"20151221151725","total_fee":"1","trade_state":"SUCCESS","trade_type":"APP","transaction_id":"1001910892201512212220104171"}
begin notify
<xml><appid><![CDATA[wx637b96dc78f9a340]]></appid>
<attach><![CDATA[ext]]></attach>
<bank_type><![CDATA[CFT]]></bank_type>
<cash_fee><![CDATA[1]]></cash_fee>
<fee_type><![CDATA[CNY]]></fee_type>
<is_subscribe><![CDATA[N]]></is_subscribe>
<mch_id><![CDATA[1298695801]]></mch_id>
<nonce_str><![CDATA[shpefkz8pze4l7k4zdm1n58ug57emuw5]]></nonce_str>
<openid><![CDATA[ooi0_wc-AaVF_Kwy2q7aW8GelbDk]]></openid>
<out_trade_no><![CDATA[14115805a8defd0f1450682235]]></out_trade_no>
<result_code><![CDATA[SUCCESS]]></result_code>
<return_code><![CDATA[SUCCESS]]></return_code>
<sign><![CDATA[83FF81B3B066E0D7591F5E3FFF576F21]]></sign>
<time_end><![CDATA[20151221151725]]></time_end>
<total_fee>1</total_fee>
<trade_type><![CDATA[APP]]></trade_type>
<transaction_id><![CDATA[1001910892201512212220104171]]></transaction_id>
</xml>
begin notify
<xml><appid><![CDATA[wx637b96dc78f9a340]]></appid>
<attach><![CDATA[ext]]></attach>
<bank_type><![CDATA[CFT]]></bank_type>
<cash_fee><![CDATA[1]]></cash_fee>
<fee_type><![CDATA[CNY]]></fee_type>
<is_subscribe><![CDATA[N]]></is_subscribe>
<mch_id><![CDATA[1298695801]]></mch_id>
<nonce_str><![CDATA[shpefkz8pze4l7k4zdm1n58ug57emuw5]]></nonce_str>
<openid><![CDATA[ooi0_wc-AaVF_Kwy2q7aW8GelbDk]]></openid>
<out_trade_no><![CDATA[14115805a8defd0f1450682235]]></out_trade_no>
<result_code><![CDATA[SUCCESS]]></result_code>
<return_code><![CDATA[SUCCESS]]></return_code>
<sign><![CDATA[83FF81B3B066E0D7591F5E3FFF576F21]]></sign>
<time_end><![CDATA[20151221151725]]></time_end>
<total_fee>1</total_fee>
<trade_type><![CDATA[APP]]></trade_type>
<transaction_id><![CDATA[1001910892201512212220104171]]></transaction_id>
</xml>
query:{"appid":"wx637b96dc78f9a340","attach":"ext","bank_type":"CFT","cash_fee":"1","fee_type":"CNY","is_subscribe":"N","mch_id":"1298695801","nonce_str":"S8yBaTd3JQF6CY7l","openid":"ooi0_wc-AaVF_Kwy2q7aW8GelbDk","out_trade_no":"14115805a8defd0f1450682235","result_code":"SUCCESS","return_code":"SUCCESS","return_msg":"OK","sign":"ADDCC5ADC157BF8DD9DA0F6929A851FA","time_end":"20151221151725","total_fee":"1","trade_state":"SUCCESS","trade_type":"APP","transaction_id":"1001910892201512212220104171"}
begin notify
<xml><appid><![CDATA[wx637b96dc78f9a340]]></appid>
<attach><![CDATA[ext]]></attach>
<bank_type><![CDATA[CFT]]></bank_type>
<cash_fee><![CDATA[1]]></cash_fee>
<fee_type><![CDATA[CNY]]></fee_type>
<is_subscribe><![CDATA[N]]></is_subscribe>
<mch_id><![CDATA[1298695801]]></mch_id>
<nonce_str><![CDATA[shpefkz8pze4l7k4zdm1n58ug57emuw5]]></nonce_str>
<openid><![CDATA[ooi0_wc-AaVF_Kwy2q7aW8GelbDk]]></openid>
<out_trade_no><![CDATA[14115805a8defd0f1450682235]]></out_trade_no>
<result_code><![CDATA[SUCCESS]]></result_code>
<return_code><![CDATA[SUCCESS]]></return_code>
<sign><![CDATA[83FF81B3B066E0D7591F5E3FFF576F21]]></sign>
<time_end><![CDATA[20151221151725]]></time_end>
<total_fee>1</total_fee>
<trade_type><![CDATA[APP]]></trade_type>
<transaction_id><![CDATA[1001910892201512212220104171]]></transaction_id>
</xml>
query:{"appid":"wx637b96dc78f9a340","attach":"ext","bank_type":"CFT","cash_fee":"1","fee_type":"CNY","is_subscribe":"N","mch_id":"1298695801","nonce_str":"RKP09rsQT0QucXWc","openid":"ooi0_wc-AaVF_Kwy2q7aW8GelbDk","out_trade_no":"14115805a8defd0f1450682235","result_code":"SUCCESS","return_code":"SUCCESS","return_msg":"OK","sign":"C65E052937526B6DA2EA9A2EA967DD9C","time_end":"20151221151725","total_fee":"1","trade_state":"SUCCESS","trade_type":"APP","transaction_id":"1001910892201512212220104171"}
begin notify
<xml><appid><![CDATA[wx637b96dc78f9a340]]></appid>
<attach><![CDATA[ext]]></attach>
<bank_type><![CDATA[CFT]]></bank_type>
<cash_fee><![CDATA[1]]></cash_fee>
<fee_type><![CDATA[CNY]]></fee_type>
<is_subscribe><![CDATA[N]]></is_subscribe>
<mch_id><![CDATA[1298695801]]></mch_id>
<nonce_str><![CDATA[shpefkz8pze4l7k4zdm1n58ug57emuw5]]></nonce_str>
<openid><![CDATA[ooi0_wc-AaVF_Kwy2q7aW8GelbDk]]></openid>
<out_trade_no><![CDATA[14115805a8defd0f1450682235]]></out_trade_no>
<result_code><![CDATA[SUCCESS]]></result_code>
<return_code><![CDATA[SUCCESS]]></return_code>
<sign><![CDATA[83FF81B3B066E0D7591F5E3FFF576F21]]></sign>
<time_end><![CDATA[20151221151725]]></time_end>
<total_fee>1</total_fee>
<trade_type><![CDATA[APP]]></trade_type>
<transaction_id><![CDATA[1001910892201512212220104171]]></transaction_id>
</xml>
query:{"appid":"wx637b96dc78f9a340","attach":"ext","bank_type":"CFT","cash_fee":"1","fee_type":"CNY","is_subscribe":"N","mch_id":"1298695801","nonce_str":"GbRB591sfESlrOn7","openid":"ooi0_wc-AaVF_Kwy2q7aW8GelbDk","out_trade_no":"14115805a8defd0f1450682235","result_code":"SUCCESS","return_code":"SUCCESS","return_msg":"OK","sign":"84A047CB8837B75E4EC68C297A0E06A7","time_end":"20151221151725","total_fee":"1","trade_state":"SUCCESS","trade_type":"APP","transaction_id":"1001910892201512212220104171"}
begin notify
<xml><appid><![CDATA[wx637b96dc78f9a340]]></appid>
<attach><![CDATA[ext]]></attach>
<bank_type><![CDATA[CFT]]></bank_type>
<cash_fee><![CDATA[1]]></cash_fee>
<fee_type><![CDATA[CNY]]></fee_type>
<is_subscribe><![CDATA[N]]></is_subscribe>
<mch_id><![CDATA[1298695801]]></mch_id>
<nonce_str><![CDATA[shpefkz8pze4l7k4zdm1n58ug57emuw5]]></nonce_str>
<openid><![CDATA[ooi0_wc-AaVF_Kwy2q7aW8GelbDk]]></openid>
<out_trade_no><![CDATA[14115805a8defd0f1450682235]]></out_trade_no>
<result_code><![CDATA[SUCCESS]]></result_code>
<return_code><![CDATA[SUCCESS]]></return_code>
<sign><![CDATA[83FF81B3B066E0D7591F5E3FFF576F21]]></sign>
<time_end><![CDATA[20151221151725]]></time_end>
<total_fee>1</total_fee>
<trade_type><![CDATA[APP]]></trade_type>
<transaction_id><![CDATA[1001910892201512212220104171]]></transaction_id>
</xml>
query:{"appid":"wx637b96dc78f9a340","attach":"ext","bank_type":"CFT","cash_fee":"1","fee_type":"CNY","is_subscribe":"N","mch_id":"1298695801","nonce_str":"Hvahpraow6etOVhX","openid":"ooi0_wc-AaVF_Kwy2q7aW8GelbDk","out_trade_no":"14115805a8defd0f1450682235","result_code":"SUCCESS","return_code":"SUCCESS","return_msg":"OK","sign":"5C629BB588BC2ED517ABAA0BE8F21DAD","time_end":"20151221151725","total_fee":"1","trade_state":"SUCCESS","trade_type":"APP","transaction_id":"1001910892201512212220104171"}
begin notify
<xml><appid><![CDATA[wx637b96dc78f9a340]]></appid>
<attach><![CDATA[ext]]></attach>
<bank_type><![CDATA[CFT]]></bank_type>
<cash_fee><![CDATA[1]]></cash_fee>
<fee_type><![CDATA[CNY]]></fee_type>
<is_subscribe><![CDATA[N]]></is_subscribe>
<mch_id><![CDATA[1298695801]]></mch_id>
<nonce_str><![CDATA[shpefkz8pze4l7k4zdm1n58ug57emuw5]]></nonce_str>
<openid><![CDATA[ooi0_wc-AaVF_Kwy2q7aW8GelbDk]]></openid>
<out_trade_no><![CDATA[14115805a8defd0f1450682235]]></out_trade_no>
<result_code><![CDATA[SUCCESS]]></result_code>
<return_code><![CDATA[SUCCESS]]></return_code>
<sign><![CDATA[83FF81B3B066E0D7591F5E3FFF576F21]]></sign>
<time_end><![CDATA[20151221151725]]></time_end>
<total_fee>1</total_fee>
<trade_type><![CDATA[APP]]></trade_type>
<transaction_id><![CDATA[1001910892201512212220104171]]></transaction_id>
</xml>
query:{"appid":"wx637b96dc78f9a340","attach":"ext","bank_type":"CFT","cash_fee":"1","fee_type":"CNY","is_subscribe":"N","mch_id":"1298695801","nonce_str":"5yHAsv6Onf17MXey","openid":"ooi0_wc-AaVF_Kwy2q7aW8GelbDk","out_trade_no":"14115805a8defd0f1450682235","result_code":"SUCCESS","return_code":"SUCCESS","return_msg":"OK","sign":"78E46E64F9F5AB62F312950CA3ECC943","time_end":"20151221151725","total_fee":"1","trade_state":"SUCCESS","trade_type":"APP","transaction_id":"1001910892201512212220104171"}
begin notify
<xml><appid><![CDATA[wx637b96dc78f9a340]]></appid>
<attach><![CDATA[ext]]></attach>
<bank_type><![CDATA[CFT]]></bank_type>
<cash_fee><![CDATA[1]]></cash_fee>
<fee_type><![CDATA[CNY]]></fee_type>
<is_subscribe><![CDATA[N]]></is_subscribe>
<mch_id><![CDATA[1298695801]]></mch_id>
<nonce_str><![CDATA[shpefkz8pze4l7k4zdm1n58ug57emuw5]]></nonce_str>
<openid><![CDATA[ooi0_wc-AaVF_Kwy2q7aW8GelbDk]]></openid>
<out_trade_no><![CDATA[14115805a8defd0f1450682235]]></out_trade_no>
<result_code><![CDATA[SUCCESS]]></result_code>
<return_code><![CDATA[SUCCESS]]></return_code>
<sign><![CDATA[83FF81B3B066E0D7591F5E3FFF576F21]]></sign>
<time_end><![CDATA[20151221151725]]></time_end>
<total_fee>1</total_fee>
<trade_type><![CDATA[APP]]></trade_type>
<transaction_id><![CDATA[1001910892201512212220104171]]></transaction_id>
</xml>
query:{"appid":"wx637b96dc78f9a340","attach":"ext","bank_type":"CFT","cash_fee":"1","fee_type":"CNY","is_subscribe":"N","mch_id":"1298695801","nonce_str":"8htwNe9rTV4BBKzC","openid":"ooi0_wc-AaVF_Kwy2q7aW8GelbDk","out_trade_no":"14115805a8defd0f1450682235","result_code":"SUCCESS","return_code":"SUCCESS","return_msg":"OK","sign":"E9EA6979089600873EF5BFAA1DA7EAA8","time_end":"20151221151725","total_fee":"1","trade_state":"SUCCESS","trade_type":"APP","transaction_id":"1001910892201512212220104171"}
begin notify
<xml><appid><![CDATA[wx637b96dc78f9a340]]></appid>
<attach><![CDATA[ext]]></attach>
<bank_type><![CDATA[CFT]]></bank_type>
<cash_fee><![CDATA[1]]></cash_fee>
<fee_type><![CDATA[CNY]]></fee_type>
<is_subscribe><![CDATA[N]]></is_subscribe>
<mch_id><![CDATA[1298695801]]></mch_id>
<nonce_str><![CDATA[shpefkz8pze4l7k4zdm1n58ug57emuw5]]></nonce_str>
<openid><![CDATA[ooi0_wc-AaVF_Kwy2q7aW8GelbDk]]></openid>
<out_trade_no><![CDATA[14115805a8defd0f1450682235]]></out_trade_no>
<result_code><![CDATA[SUCCESS]]></result_code>
<return_code><![CDATA[SUCCESS]]></return_code>
<sign><![CDATA[83FF81B3B066E0D7591F5E3FFF576F21]]></sign>
<time_end><![CDATA[20151221151725]]></time_end>
<total_fee>1</total_fee>
<trade_type><![CDATA[APP]]></trade_type>
<transaction_id><![CDATA[1001910892201512212220104171]]></transaction_id>
</xml>
query:{"appid":"wx637b96dc78f9a340","attach":"ext","bank_type":"CFT","cash_fee":"1","fee_type":"CNY","is_subscribe":"N","mch_id":"1298695801","nonce_str":"zmJr55Rp2SciLt9Y","openid":"ooi0_wc-AaVF_Kwy2q7aW8GelbDk","out_trade_no":"14115805a8defd0f1450682235","result_code":"SUCCESS","return_code":"SUCCESS","return_msg":"OK","sign":"FEF46F2801A203B1335D8B708378FED8","time_end":"20151221151725","total_fee":"1","trade_state":"SUCCESS","trade_type":"APP","transaction_id":"1001910892201512212220104171"}
_校验失败
订单查询失败
begin notify
<xml><appid><![CDATA[wx637b96dc78f9a340]]></appid>
<attach><![CDATA[ext]]></attach>
<bank_type><![CDATA[CFT]]></bank_type>
<cash_fee><![CDATA[1]]></cash_fee>
<fee_type><![CDATA[CNY]]></fee_type>
<is_subscribe><![CDATA[N]]></is_subscribe>
<mch_id><![CDATA[1298695801]]></mch_id>
<nonce_str><![CDATA[shpefkz8pze4l7k4zdm1n58ug57emuw5]]></nonce_str>
<openid><![CDATA[ooi0_wc-AaVF_Kwy2q7aW8GelbDk]]></openid>
<out_trade_no><![CDATA[14115805a8defd0f1450682235]]></out_trade_no>
<result_code><![CDATA[SUCCESS]]></result_code>
<return_code><![CDATA[SUCCESS]]></return_code>
<sign><![CDATA[83FF81B3B066E0D7591F5E3FFF576F21]]></sign>
<time_end><![CDATA[20151221151725]]></time_end>
<total_fee>1</total_fee>
<trade_type><![CDATA[APP]]></trade_type>
<transaction_id><![CDATA[1001910892201512212220104171]]></transaction_id>
</xml>
query:{"appid":"wx637b96dc78f9a340","attach":"ext","bank_type":"CFT","cash_fee":"1","fee_type":"CNY","is_subscribe":"N","mch_id":"1298695801","nonce_str":"U4SzWAfwpDpBHojL","openid":"ooi0_wc-AaVF_Kwy2q7aW8GelbDk","out_trade_no":"14115805a8defd0f1450682235","result_code":"SUCCESS","return_code":"SUCCESS","return_msg":"OK","sign":"65F87F7DEE9030E36635A5C06751C9BE","time_end":"20151221151725","total_fee":"1","trade_state":"SUCCESS","trade_type":"APP","transaction_id":"1001910892201512212220104171"}
___校验成功
14115805a8defd0f1450682235_单号不存在
begin notify
<xml><appid><![CDATA[wx637b96dc78f9a340]]></appid>
<attach><![CDATA[ext]]></attach>
<bank_type><![CDATA[CFT]]></bank_type>
<cash_fee><![CDATA[1]]></cash_fee>
<fee_type><![CDATA[CNY]]></fee_type>
<is_subscribe><![CDATA[N]]></is_subscribe>
<mch_id><![CDATA[1298695801]]></mch_id>
<nonce_str><![CDATA[shpefkz8pze4l7k4zdm1n58ug57emuw5]]></nonce_str>
<openid><![CDATA[ooi0_wc-AaVF_Kwy2q7aW8GelbDk]]></openid>
<out_trade_no><![CDATA[14115805a8defd0f1450682235]]></out_trade_no>
<result_code><![CDATA[SUCCESS]]></result_code>
<return_code><![CDATA[SUCCESS]]></return_code>
<sign><![CDATA[83FF81B3B066E0D7591F5E3FFF576F21]]></sign>
<time_end><![CDATA[20151221151725]]></time_end>
<total_fee>1</total_fee>
<trade_type><![CDATA[APP]]></trade_type>
<transaction_id><![CDATA[1001910892201512212220104171]]></transaction_id>
</xml>
query:{"appid":"wx637b96dc78f9a340","attach":"ext","bank_type":"CFT","cash_fee":"1","fee_type":"CNY","is_subscribe":"N","mch_id":"1298695801","nonce_str":"ymqZ0qi6YsUL3Qf5","openid":"ooi0_wc-AaVF_Kwy2q7aW8GelbDk","out_trade_no":"14115805a8defd0f1450682235","result_code":"SUCCESS","return_code":"SUCCESS","return_msg":"OK","sign":"EBA33C8CC16349D3600707B219D32105","time_end":"20151221151725","total_fee":"1","trade_state":"SUCCESS","trade_type":"APP","transaction_id":"1001910892201512212220104171"}
___校验成功
begin notify
<xml><appid><![CDATA[wx637b96dc78f9a340]]></appid>
<attach><![CDATA[ext]]></attach>
<bank_type><![CDATA[CFT]]></bank_type>
<cash_fee><![CDATA[1]]></cash_fee>
<fee_type><![CDATA[CNY]]></fee_type>
<is_subscribe><![CDATA[N]]></is_subscribe>
<mch_id><![CDATA[1298695801]]></mch_id>
<nonce_str><![CDATA[shpefkz8pze4l7k4zdm1n58ug57emuw5]]></nonce_str>
<openid><![CDATA[ooi0_wc-AaVF_Kwy2q7aW8GelbDk]]></openid>
<out_trade_no><![CDATA[14115805a8defd0f1450682235]]></out_trade_no>
<result_code><![CDATA[SUCCESS]]></result_code>
<return_code><![CDATA[SUCCESS]]></return_code>
<sign><![CDATA[83FF81B3B066E0D7591F5E3FFF576F21]]></sign>
<time_end><![CDATA[20151221151725]]></time_end>
<total_fee>1</total_fee>
<trade_type><![CDATA[APP]]></trade_type>
<transaction_id><![CDATA[1001910892201512212220104171]]></transaction_id>
</xml>
query:{"appid":"wx637b96dc78f9a340","attach":"ext","bank_type":"CFT","cash_fee":"1","fee_type":"CNY","is_subscribe":"N","mch_id":"1298695801","nonce_str":"CxwZzYaZFZRLL1LL","openid":"ooi0_wc-AaVF_Kwy2q7aW8GelbDk","out_trade_no":"14115805a8defd0f1450682235","result_code":"SUCCESS","return_code":"SUCCESS","return_msg":"OK","sign":"FD28BC22CEFA96A21E41A46E5250A6F8","time_end":"20151221151725","total_fee":"1","trade_state":"SUCCESS","trade_type":"APP","transaction_id":"1001910892201512212220104171"}
___校验成功
14115805a8defd0f1450682235_单号不存在
begin notify
<xml><appid><![CDATA[wx637b96dc78f9a340]]></appid>
<attach><![CDATA[ext]]></attach>
<bank_type><![CDATA[CFT]]></bank_type>
<cash_fee><![CDATA[1]]></cash_fee>
<fee_type><![CDATA[CNY]]></fee_type>
<is_subscribe><![CDATA[N]]></is_subscribe>
<mch_id><![CDATA[1298695801]]></mch_id>
<nonce_str><![CDATA[shpefkz8pze4l7k4zdm1n58ug57emuw5]]></nonce_str>
<openid><![CDATA[ooi0_wc-AaVF_Kwy2q7aW8GelbDk]]></openid>
<out_trade_no><![CDATA[14115805a8defd0f1450682235]]></out_trade_no>
<result_code><![CDATA[SUCCESS]]></result_code>
<return_code><![CDATA[SUCCESS]]></return_code>
<sign><![CDATA[83FF81B3B066E0D7591F5E3FFF576F21]]></sign>
<time_end><![CDATA[20151221151725]]></time_end>
<total_fee>1</total_fee>
<trade_type><![CDATA[APP]]></trade_type>
<transaction_id><![CDATA[1001910892201512212220104171]]></transaction_id>
</xml>
query:{"appid":"wx637b96dc78f9a340","attach":"ext","bank_type":"CFT","cash_fee":"1","fee_type":"CNY","is_subscribe":"N","mch_id":"1298695801","nonce_str":"vkZq83aeCWV6oOYf","openid":"ooi0_wc-AaVF_Kwy2q7aW8GelbDk","out_trade_no":"14115805a8defd0f1450682235","result_code":"SUCCESS","return_code":"SUCCESS","return_msg":"OK","sign":"C2E0104F179633AC8D38FB96F1F963FF","time_end":"20151221151725","total_fee":"1","trade_state":"SUCCESS","trade_type":"APP","transaction_id":"1001910892201512212220104171"}
___校验成功
