,50,,18701545327,,8d3e74ef-5734-431c-bf15-260138bf1f72,1452046243
,50,,18701545327,w15964236402@126.com,8d3e74ef-5734-431c-bf15-260138bf1f72,1452049911
,50,,18701545327,w15964236402@126.com,8d3e74ef-5734-431c-bf15-260138bf1f72,1452050080
,51,,15010119060,,14115805a8defd0f,1452051499
,37,,,,14115805a8defd0f,1452051501
,37,,,,14115805a8defd0f,1452051635
,38,,,,14115805a8defd0f,1452051692
,51,,,,14115805a8defd0f,1452051734
,51,,,,14115805a8defd0f,1452051946
,37,hhhhhh,,,14115805a8defd0f,1452052413
,34,1111,,123131,23141,1452053318
,34,1111,,123131,23141,1452053325
,57,,,,14115805a8defd0f,1452053327
,37,hhhhhh,,,14115805a8defd0f,1452053347
,34,1111,,123131,23141,1452053351
,58,zzzzzz,,,14115805a8defd0f,1452053380
,57,,,,14115805a8defd0f,1452053383
,57,xxxxxx,,,14115805a8defd0f,1452053602
,57,xxxxxx,,,14115805a8defd0f,1452053608
,59,,,,14115805a8defd0f,1452053806
,10000,59,,,,14115805a8defd0f,1452054201
,10000,57,xxxxxx,,,14115805a8defd0f,1452054226
,10000,57,xxxxxx,,,14115805a8defd0f,1452054236
,10000,57,xxxxxx,,,14115805a8defd0f,1452054249
,10000,57,xxxxxx,,,14115805a8defd0f,1452054513
,10000,57,xxxxxx,,,14115805a8defd0f,1452054570
,10000,57,xxxxxx,,,14115805a8defd0f,1452054936
,10000,57,xxxxxx,,,14115805a8defd0f,1452055109
,10000,57,xxxxxx,,,14115805a8defd0f,1452055663
,10000,57,xxxxxx,,,14115805a8defd0f,1452055738
,10000,47,,,,8d3e74ef-5734-431c-bf15-260138bf1f72,1452059746
,10000,57,xxxxxx,,,14115805a8defd0f,1452060245
,10000,63,,,,8d3e74ef-5734-431c-bf15-260138bf1f72,1452061270
,10000,63,,,,8d3e74ef-5734-431c-bf15-260138bf1f72,1452061303
,10000,63,,18701545327,,8d3e74ef-5734-431c-bf15-260138bf1f72,1452061346
,10000,63,,18701545327,,8d3e74ef-5734-431c-bf15-260138bf1f72,1452061381
,10000,63,,,,8d3e74ef-5734-431c-bf15-260138bf1f72,1452061395
,10000,57,xxxxxx,,,14115805a8defd0f,1452061472
,10000,59,,,,14115805a8defd0f,1452061684
,10000,59,,,,14115805a8defd0f,1452061896
,10000,57,xxxxxx,,,14115805a8defd0f,1452062012
,10000,64,,,,8d3e74ef-5734-431c-bf15-260138bf1f72,1452062143
,10000,57,xxxxxx,,,14115805a8defd0f,1452062178
,10000,57,xxxxxx,,,14115805a8defd0f,1452062184
,10000,65,,,,8d3e74ef-5734-431c-bf15-260138bf1f72,1452062242
,10000,65,,,,8d3e74ef-5734-431c-bf15-260138bf1f72,1452062267
,10000,65,,,,8d3e74ef-5734-431c-bf15-260138bf1f72,1452062292
,10000,59,,,,14115805a8defd0f,1452062303
,10000,59,,15010119060,,14115805a8defd0f,1452062420
,10000,66,,18612055750,,8d3e74ef-5734-431c-bf15-260138bf1f72,1452062780
,10000,59,,15010119060,zhangxb1210@163.com,14115805a8defd0f,1452063714
,10000,59,,15010119060,zhangxb1210@163.com,14115805a8defd0f,1452063736
,10000,68,,,,14115805a8defd0f,1452064275
,10000,68,,,,14115805a8defd0f,1452064432
,10000,68,,,,14115805a8defd0f,1452065792
,10000,68,,15010119060,,14115805a8defd0f,1452066008
,10000,67,,,,8d3e74ef-5734-431c-bf15-260138bf1f72,1452066050
,10000,67,,,,8d3e74ef-5734-431c-bf15-260138bf1f72,1452066255
,10000,68,,15010119060,,14115805a8defd0f,1452066644
,10000,68,,15010119060,zhangxb1210@163.com,14115805a8defd0f,1452067151
,10000,68,,15010119060,zhangxb1210@163.com,14115805a8defd0f,1452068505
,10000,68,,15010119060,zhangxb1210@163.com,14115805a8defd0f,1452069517
,10000,68,,15010119060,zhangxb1210@163.com,14115805a8defd0f,1452069595
,10000,67,,,,8d3e74ef-5734-431c-bf15-260138bf1f72,1452071726
,10000,65,,18701545327,,8d3e74ef-5734-431c-bf15-260138bf1f72,1452072902
